Traceback (most recent call last):
  File "/Library/Frameworks/Python.framework/Versions/3.8/lib/python3.8/site-packages/jupyter_cache/executors/utils.py", line 51, in single_nb_execution
    executenb(
  File "/Library/Frameworks/Python.framework/Versions/3.8/lib/python3.8/site-packages/nbclient/client.py", line 1204, in execute
    return NotebookClient(nb=nb, resources=resources, km=km, **kwargs).execute()
  File "/Library/Frameworks/Python.framework/Versions/3.8/lib/python3.8/site-packages/nbclient/util.py", line 84, in wrapped
    return just_run(coro(*args, **kwargs))
  File "/Library/Frameworks/Python.framework/Versions/3.8/lib/python3.8/site-packages/nbclient/util.py", line 62, in just_run
    return loop.run_until_complete(coro)
  File "/Library/Frameworks/Python.framework/Versions/3.8/lib/python3.8/asyncio/base_events.py", line 608, in run_until_complete
    return future.result()
  File "/Library/Frameworks/Python.framework/Versions/3.8/lib/python3.8/site-packages/nbclient/client.py", line 663, in async_execute
    await self.async_execute_cell(
  File "/Library/Frameworks/Python.framework/Versions/3.8/lib/python3.8/site-packages/nbclient/client.py", line 965, in async_execute_cell
    await self._check_raise_for_error(cell, cell_index, exec_reply)
  File "/Library/Frameworks/Python.framework/Versions/3.8/lib/python3.8/site-packages/nbclient/client.py", line 862, in _check_raise_for_error
    raise CellExecutionError.from_cell_and_msg(cell, exec_reply_content)
nbclient.exceptions.CellExecutionError: An error occurred while executing the following cell:
------------------
# Definir una lista
numeros = [1, 2, 3, 4, 5, 6, 7, 8, 9, 10]

# Definir la list comprehesion 
pares_cuadrados = [number**2 for number in numbers if number % 2 == 0]

# Imprimir la lista
print(pares_cuadrados)
------------------

[0;31m---------------------------------------------------------------------------[0m
[0;31mNameError[0m                                 Traceback (most recent call last)
Input [0;32mIn [1][0m, in [0;36m<cell line: 5>[0;34m()[0m
[1;32m      2[0m numeros [38;5;241m=[39m [[38;5;241m1[39m, [38;5;241m2[39m, [38;5;241m3[39m, [38;5;241m4[39m, [38;5;241m5[39m, [38;5;241m6[39m, [38;5;241m7[39m, [38;5;241m8[39m, [38;5;241m9[39m, [38;5;241m10[39m]
[1;32m      4[0m [38;5;66;03m# Definir la list comprehesion [39;00m
[0;32m----> 5[0m pares_cuadrados [38;5;241m=[39m [number[38;5;241m*[39m[38;5;241m*[39m[38;5;241m2[39m [38;5;28;01mfor[39;00m number [38;5;129;01min[39;00m [43mnumbers[49m [38;5;28;01mif[39;00m number [38;5;241m%[39m [38;5;241m2[39m [38;5;241m==[39m [38;5;241m0[39m]
[1;32m      7[0m [38;5;66;03m# Imprimir la lista[39;00m
[1;32m      8[0m [38;5;28mprint[39m(pares_cuadrados)

[0;31mNameError[0m: name 'numbers' is not defined
NameError: name 'numbers' is not defined

